# JRE version: Java(TM) SE Runtime Environment (8.0_161-b12) (build 1.8.0_161-b12)
# Java VM: Java HotSpot(TM) 64-Bit Server VM (25.161-b12 mixed mode linux-amd64 compressed oops)
Heap:
 PSYoungGen      total 245248K, used 11757K [0x00000000d9500000, 0x00000000e9700000, 0x0000000100000000)
  eden space 233472K, 0% used [0x00000000d9500000,0x00000000d9500000,0x00000000e7900000)
  from space 11776K, 99% used [0x00000000e8000000,0x00000000e8b7b758,0x00000000e8b80000)
  to   space 10240K, 0% used [0x00000000e8d00000,0x00000000e8d00000,0x00000000e9700000)
 ParOldGen       total 44544K, used 14659K [0x000000008be00000, 0x000000008e980000, 0x00000000d9500000)
  object space 44544K, 32% used [0x000000008be00000,0x000000008cc50cc8,0x000000008e980000)
 Metaspace       used 34794K, capacity 35270K, committed 35416K, reserved 1079296K
  class space    used 4499K, capacity 4627K, committed 4696K, reserved 1048576K
GC Heap History (10 events):
Event: 11,441 GC heap after
Heap after GC invocations=5 (full 0):
 PSYoungGen      total 66048K, used 4595K [0x00000000d9500000, 0x00000000e1f00000, 0x0000000100000000)
  eden space 61440K, 0% used [0x00000000d9500000,0x00000000d9500000,0x00000000dd100000)
  from space 4608K, 99% used [0x00000000dd100000,0x00000000dd57cde8,0x00000000dd580000)
  to   space 9216K, 0% used [0x00000000e1600000,0x00000000e1600000,0x00000000e1f00000)
 ParOldGen       total 80896K, used 6324K [0x000000008be00000, 0x0000000090d00000, 0x00000000d9500000)
  object space 80896K, 7% used [0x000000008be00000,0x000000008c42d3d0,0x0000000090d00000)
 Metaspace       used 18522K, capacity 18892K, committed 19200K, reserved 1067008K
  class space    used 2338K, capacity 2447K, committed 2560K, reserved 1048576K
}
Event: 13,290 GC heap before
{Heap before GC invocations=6 (full 0):
 PSYoungGen      total 66048K, used 66035K [0x00000000d9500000, 0x00000000e1f00000, 0x0000000100000000)
  eden space 61440K, 100% used [0x00000000d9500000,0x00000000dd100000,0x00000000dd100000)
  from space 4608K, 99% used [0x00000000dd100000,0x00000000dd57cde8,0x00000000dd580000)
  to   space 9216K, 0% used [0x00000000e1600000,0x00000000e1600000,0x00000000e1f00000)
 ParOldGen       total 80896K, used 6324K [0x000000008be00000, 0x0000000090d00000, 0x00000000d9500000)
  object space 80896K, 7% used [0x000000008be00000,0x000000008c42d3d0,0x0000000090d00000)
 Metaspace       used 20806K, capacity 21170K, committed 21248K, reserved 1067008K
  class space    used 2690K, capacity 2785K, committed 2816K, reserved 1048576K
Event: 13,307 GC heap after
Heap after GC invocations=6 (full 0):
 PSYoungGen      total 131072K, used 8618K [0x00000000d9500000, 0x00000000e2100000, 0x0000000100000000)
  eden space 121856K, 0% used [0x00000000d9500000,0x00000000d9500000,0x00000000e0c00000)
  from space 9216K, 93% used [0x00000000e1600000,0x00000000e1e6ab70,0x00000000e1f00000)
  to   space 10240K, 0% used [0x00000000e0c00000,0x00000000e0c00000,0x00000000e1600000)
 ParOldGen       total 80896K, used 6332K [0x000000008be00000, 0x0000000090d00000, 0x00000000d9500000)
  object space 80896K, 7% used [0x000000008be00000,0x000000008c42f3d0,0x0000000090d00000)
 Metaspace       used 20806K, capacity 21170K, committed 21248K, reserved 1067008K
  class space    used 2690K, capacity 2785K, committed 2816K, reserved 1048576K
}
Event: 13,340 GC heap before
{Heap before GC invocations=7 (full 0):
 PSYoungGen      total 131072K, used 11364K [0x00000000d9500000, 0x00000000e2100000, 0x0000000100000000)
  eden space 121856K, 2% used [0x00000000d9500000,0x00000000d97ae658,0x00000000e0c00000)
  from space 9216K, 93% used [0x00000000e1600000,0x00000000e1e6ab70,0x00000000e1f00000)
  to   space 10240K, 0% used [0x00000000e0c00000,0x00000000e0c00000,0x00000000e1600000)
 ParOldGen       total 80896K, used 6332K [0x000000008be00000, 0x0000000090d00000, 0x00000000d9500000)
  object space 80896K, 7% used [0x000000008be00000,0x000000008c42f3d0,0x0000000090d00000)
 Metaspace       used 20846K, capacity 21176K, committed 21248K, reserved 1067008K
  class space    used 2694K, capacity 2786K, committed 2816K, reserved 1048576K
Event: 13,355 GC heap after
Heap after GC invocations=7 (full 0):
 PSYoungGen      total 132096K, used 3987K [0x00000000d9500000, 0x00000000e9700000, 0x0000000100000000)
  eden space 121856K, 0% used [0x00000000d9500000,0x00000000d9500000,0x00000000e0c00000)
  from space 10240K, 38% used [0x00000000e0c00000,0x00000000e0fe4de8,0x00000000e1600000)
  to   space 10240K, 0% used [0x00000000e8d00000,0x00000000e8d00000,0x00000000e9700000)
 ParOldGen       total 80896K, used 8338K [0x000000008be00000, 0x0000000090d00000, 0x00000000d9500000)
  object space 80896K, 10% used [0x000000008be00000,0x000000008c624820,0x0000000090d00000)
 Metaspace       used 20846K, capacity 21176K, committed 21248K, reserved 1067008K
  class space    used 2694K, capacity 2786K, committed 2816K, reserved 1048576K
}
Event: 13,355 GC heap before
{Heap before GC invocations=8 (full 1):
 PSYoungGen      total 132096K, used 3987K [0x00000000d9500000, 0x00000000e9700000, 0x0000000100000000)
  eden space 121856K, 0% used [0x00000000d9500000,0x00000000d9500000,0x00000000e0c00000)
  from space 10240K, 38% used [0x00000000e0c00000,0x00000000e0fe4de8,0x00000000e1600000)
  to   space 10240K, 0% used [0x00000000e8d00000,0x00000000e8d00000,0x00000000e9700000)
 ParOldGen       total 80896K, used 8338K [0x000000008be00000, 0x0000000090d00000, 0x00000000d9500000)
  object space 80896K, 10% used [0x000000008be00000,0x000000008c624820,0x0000000090d00000)
 Metaspace       used 20846K, capacity 21176K, committed 21248K, reserved 1067008K
  class space    used 2694K, capacity 2786K, committed 2816K, reserved 1048576K
Event: 13,435 GC heap after
Heap after GC invocations=8 (full 1):
 PSYoungGen      total 132096K, used 0K [0x00000000d9500000, 0x00000000e9700000, 0x0000000100000000)
  eden space 121856K, 0% used [0x00000000d9500000,0x00000000d9500000,0x00000000e0c00000)
  from space 10240K, 0% used [0x00000000e0c00000,0x00000000e0c00000,0x00000000e1600000)
  to   space 10240K, 0% used [0x00000000e8d00000,0x00000000e8d00000,0x00000000e9700000)
 ParOldGen       total 44544K, used 7260K [0x000000008be00000, 0x000000008e980000, 0x00000000d9500000)
  object space 44544K, 16% used [0x000000008be00000,0x000000008c5171e0,0x000000008e980000)
 Metaspace       used 20846K, capacity 21176K, committed 21248K, reserved 1067008K
  class space    used 2694K, capacity 2786K, committed 2816K, reserved 1048576K
}
Event: 16,824 GC heap before
{Heap before GC invocations=9 (full 1):
 PSYoungGen      total 132096K, used 121856K [0x00000000d9500000, 0x00000000e9700000, 0x0000000100000000)
  eden space 121856K, 100% used [0x00000000d9500000,0x00000000e0c00000,0x00000000e0c00000)
  from space 10240K, 0% used [0x00000000e0c00000,0x00000000e0c00000,0x00000000e1600000)
  to   space 10240K, 0% used [0x00000000e8d00000,0x00000000e8d00000,0x00000000e9700000)
 ParOldGen       total 44544K, used 7260K [0x000000008be00000, 0x000000008e980000, 0x00000000d9500000)
  object space 44544K, 16% used [0x000000008be00000,0x000000008c5171e0,0x000000008e980000)
 Metaspace       used 25979K, capacity 26466K, committed 26624K, reserved 1073152K
  class space    used 3350K, capacity 3469K, committed 3584K, reserved 1048576K
Event: 16,844 GC heap after
Heap after GC invocations=9 (full 1):
 PSYoungGen      total 243712K, used 10237K [0x00000000d9500000, 0x00000000e9700000, 0x0000000100000000)
  eden space 233472K, 0% used [0x00000000d9500000,0x00000000d9500000,0x00000000e7900000)
  from space 10240K, 99% used [0x00000000e8d00000,0x00000000e96ff648,0x00000000e9700000)
  to   space 11776K, 0% used [0x00000000e8000000,0x00000000e8000000,0x00000000e8b80000)
 ParOldGen       total 44544K, used 7901K [0x000000008be00000, 0x000000008e980000, 0x00000000d9500000)
  object space 44544K, 17% used [0x000000008be00000,0x000000008c5b7588,0x000000008e980000)
 Metaspace       used 25979K, capacity 26466K, committed 26624K, reserved 1073152K
  class space    used 3350K, capacity 3469K, committed 3584K, reserved 1048576K
}
Event: 22,066 GC heap before
{Heap before GC invocations=10 (full 1):
 PSYoungGen      total 243712K, used 187592K [0x00000000d9500000, 0x00000000e9700000, 0x0000000100000000)
  eden space 233472K, 75% used [0x00000000d9500000,0x00000000e4232a58,0x00000000e7900000)
  from space 10240K, 99% used [0x00000000e8d00000,0x00000000e96ff648,0x00000000e9700000)
  to   space 11776K, 0% used [0x00000000e8000000,0x00000000e8000000,0x00000000e8b80000)
 ParOldGen       total 44544K, used 7901K [0x000000008be00000, 0x000000008e980000, 0x00000000d9500000)
  object space 44544K, 17% used [0x000000008be00000,0x000000008c5b7588,0x000000008e980000)
 Metaspace       used 34794K, capacity 35270K, committed 35416K, reserved 1079296K
  class space    used 4499K, capacity 4627K, committed 4696K, reserved 1048576K

